Mono path[0] = 'D:/Castle War_Data/Managed'
Mono config path = 'D:/MonoBleedingEdge/etc'
Initialize engine version: 2019.2.5f1 (9dace1eed4cc)
[XR] Discovering subsystems at path D:/Castle War_Data/UnitySubsystems
GfxDevice: creating device client; threaded=1
Direct3D:
    Version:  Direct3D 11.0 [level 11.0]
    Renderer: NVIDIA GeForce GTX 745 (ID=0x1382)
    Vendor:   (null)
    VRAM:     3072 MB
    Driver:   25.21.14.1972
Begin MonoManager ReloadAssembly
- Completed reload, in  0.214 seconds
<RI> Initializing input.
XInput1_3.dll not found. Trying XInput9_1_0.dll instead...
<RI> Input initialized.
<RI> Initialized touch support.
WARNING: Shader Unsupported: 'Hidden/Nature/Terrain/Utilities' - All passes removed
WARNING: Shader Did you use #pragma only_renderers and omit this platform?
ERROR: Shader Shader is not supported on this GPU (none of subshaders/fallbacks are suitable)WARNING: Shader Unsupported: 'Hidden/Nature/Terrain/Utilities' - Setting to default shader.
The referenced script on this Behaviour (Game Object 'Exit') is missing!
 
(Filename: C:\buildslave\unity\build\Runtime/Mono/ManagedMonoBehaviourRef.cpp Line: 334)

The referenced script on this Behaviour (Game Object 'New Game') is missing!
 
(Filename: C:\buildslave\unity\build\Runtime/Mono/ManagedMonoBehaviourRef.cpp Line: 334)

The referenced script on this Behaviour (Game Object 'Options') is missing!
 
(Filename: C:\buildslave\unity\build\Runtime/Mono/ManagedMonoBehaviourRef.cpp Line: 334)

The referenced script on this Behaviour (Game Object 'Achivments') is missing!
 
(Filename: C:\buildslave\unity\build\Runtime/Mono/ManagedMonoBehaviourRef.cpp Line: 334)

The referenced script on this Behaviour (Game Object 'Load') is missing!
 
(Filename: C:\buildslave\unity\build\Runtime/Mono/ManagedMonoBehaviourRef.cpp Line: 334)

UnloadTime: 94.062800 ms
Setting up 2 worker threads for Enlighten.
  Thread -> id: bc8 -> priority: 1 
  Thread -> id: 5bdc -> priority: 1 
Unloading 5 Unused Serialized files (Serialized files now loaded: 0)
UnloadTime: 8.573600 ms

Unloading 147 unused Assets to reduce memory usage. Loaded Objects now: 1037.
Total: 56.969300 ms (FindLiveObjects: 0.146000 ms CreateObjectMapping: 0.029500 ms MarkObjects: 32.609700 ms  DeleteObjects: 24.183200 ms)

Unloading 6 Unused Serialized files (Serialized files now loaded: 0)
UnloadTime: 2.347800 ms

Unloading 24 unused Assets to reduce memory usage. Loaded Objects now: 47425.
Total: 6.257300 ms (FindLiveObjects: 2.085500 ms CreateObjectMapping: 0.250600 ms MarkObjects: 3.731300 ms  DeleteObjects: 0.189400 ms)

Save!
 
(Filename: C:\buildslave\unity\build\Runtime/Export/Debug/Debug.bindings.h Line: 35)

Save!
 
(Filename: C:\buildslave\unity\build\Runtime/Export/Debug/Debug.bindings.h Line: 35)

Save!
 
(Filename: C:\buildslave\unity\build\Runtime/Export/Debug/Debug.bindings.h Line: 35)

Save!
 
(Filename: C:\buildslave\unity\build\Runtime/Export/Debug/Debug.bindings.h Line: 35)

Save!
 
(Filename: C:\buildslave\unity\build\Runtime/Export/Debug/Debug.bindings.h Line: 35)

Save!
 
(Filename: C:\buildslave\unity\build\Runtime/Export/Debug/Debug.bindings.h Line: 35)

Save!
 
(Filename: C:\buildslave\unity\build\Runtime/Export/Debug/Debug.bindings.h Line: 35)

Save!
 
(Filename: C:\buildslave\unity\build\Runtime/Export/Debug/Debug.bindings.h Line: 35)

Save!
 
(Filename: C:\buildslave\unity\build\Runtime/Export/Debug/Debug.bindings.h Line: 35)

Save!
 
(Filename: C:\buildslave\unity\build\Runtime/Export/Debug/Debug.bindings.h Line: 35)

Save!
 
(Filename: C:\buildslave\unity\build\Runtime/Export/Debug/Debug.bindings.h Line: 35)

Save!
 
(Filename: C:\buildslave\unity\build\Runtime/Export/Debug/Debug.bindings.h Line: 35)

Save!
 
(Filename: C:\buildslave\unity\build\Runtime/Export/Debug/Debug.bindings.h Line: 35)

Save!
 
(Filename: C:\buildslave\unity\build\Runtime/Export/Debug/Debug.bindings.h Line: 35)

Save!
 
(Filename: C:\buildslave\unity\build\Runtime/Export/Debug/Debug.bindings.h Line: 35)

Save!
 
(Filename: C:\buildslave\unity\build\Runtime/Export/Debug/Debug.bindings.h Line: 35)

Save!
 
(Filename: C:\buildslave\unity\build\Runtime/Export/Debug/Debug.bindings.h Line: 35)

Save!
 
(Filename: C:\buildslave\unity\build\Runtime/Export/Debug/Debug.bindings.h Line: 35)

Save!
 
(Filename: C:\buildslave\unity\build\Runtime/Export/Debug/Debug.bindings.h Line: 35)

Save!
 
(Filename: C:\buildslave\unity\build\Runtime/Export/Debug/Debug.bindings.h Line: 35)

Save!
 
(Filename: C:\buildslave\unity\build\Runtime/Export/Debug/Debug.bindings.h Line: 35)

Save!
 
(Filename: C:\buildslave\unity\build\Runtime/Export/Debug/Debug.bindings.h Line: 35)

Save!
 
(Filename: C:\buildslave\unity\build\Runtime/Export/Debug/Debug.bindings.h Line: 35)

Save!
 
(Filename: C:\buildslave\unity\build\Runtime/Export/Debug/Debug.bindings.h Line: 35)

Save!
 
(Filename: C:\buildslave\unity\build\Runtime/Export/Debug/Debug.bindings.h Line: 35)

Save!
 
(Filename: C:\buildslave\unity\build\Runtime/Export/Debug/Debug.bindings.h Line: 35)

Save!
 
(Filename: C:\buildslave\unity\build\Runtime/Export/Debug/Debug.bindings.h Line: 35)

Save!
 
(Filename: C:\buildslave\unity\build\Runtime/Export/Debug/Debug.bindings.h Line: 35)

Save!
 
(Filename: C:\buildslave\unity\build\Runtime/Export/Debug/Debug.bindings.h Line: 35)

Save!
 
(Filename: C:\buildslave\unity\build\Runtime/Export/Debug/Debug.bindings.h Line: 35)

Save!
 
(Filename: C:\buildslave\unity\build\Runtime/Export/Debug/Debug.bindings.h Line: 35)

Save!
 
(Filename: C:\buildslave\unity\build\Runtime/Export/Debug/Debug.bindings.h Line: 35)

Save!
 
(Filename: C:\buildslave\unity\build\Runtime/Export/Debug/Debug.bindings.h Line: 35)

Save!
 
(Filename: C:\buildslave\unity\build\Runtime/Export/Debug/Debug.bindings.h Line: 35)

Save!
 
(Filename: C:\buildslave\unity\build\Runtime/Export/Debug/Debug.bindings.h Line: 35)

Save!
 
(Filename: C:\buildslave\unity\build\Runtime/Export/Debug/Debug.bindings.h Line: 35)

Save!
 
(Filename: C:\buildslave\unity\build\Runtime/Export/Debug/Debug.bindings.h Line: 35)

Save!
 
(Filename: C:\buildslave\unity\build\Runtime/Export/Debug/Debug.bindings.h Line: 35)

Save!
 
(Filename: C:\buildslave\unity\build\Runtime/Export/Debug/Debug.bindings.h Line: 35)

Save!
 
(Filename: C:\buildslave\unity\build\Runtime/Export/Debug/Debug.bindings.h Line: 35)

Save!
 
(Filename: C:\buildslave\unity\build\Runtime/Export/Debug/Debug.bindings.h Line: 35)

Save!
 
(Filename: C:\buildslave\unity\build\Runtime/Export/Debug/Debug.bindings.h Line: 35)

Save!
 
(Filename: C:\buildslave\unity\build\Runtime/Export/Debug/Debug.bindings.h Line: 35)

Save!
 
(Filename: C:\buildslave\unity\build\Runtime/Export/Debug/Debug.bindings.h Line: 35)

Save!
 
(Filename: C:\buildslave\unity\build\Runtime/Export/Debug/Debug.bindings.h Line: 35)

Save!
 
(Filename: C:\buildslave\unity\build\Runtime/Export/Debug/Debug.bindings.h Line: 35)

Save!
 
(Filename: C:\buildslave\unity\build\Runtime/Export/Debug/Debug.bindings.h Line: 35)

Save!
 
(Filename: C:\buildslave\unity\build\Runtime/Export/Debug/Debug.bindings.h Line: 35)

Save!
 
(Filename: C:\buildslave\unity\build\Runtime/Export/Debug/Debug.bindings.h Line: 35)

Save!
 
(Filename: C:\buildslave\unity\build\Runtime/Export/Debug/Debug.bindings.h Line: 35)

Save!
 
(Filename: C:\buildslave\unity\build\Runtime/Export/Debug/Debug.bindings.h Line: 35)

Save!
 
(Filename: C:\buildslave\unity\build\Runtime/Export/Debug/Debug.bindings.h Line: 35)

Save!
 
(Filename: C:\buildslave\unity\build\Runtime/Export/Debug/Debug.bindings.h Line: 35)

Save!
 
(Filename: C:\buildslave\unity\build\Runtime/Export/Debug/Debug.bindings.h Line: 35)

Save!
 
(Filename: C:\buildslave\unity\build\Runtime/Export/Debug/Debug.bindings.h Line: 35)

Save!
 
(Filename: C:\buildslave\unity\build\Runtime/Export/Debug/Debug.bindings.h Line: 35)

Save!
 
(Filename: C:\buildslave\unity\build\Runtime/Export/Debug/Debug.bindings.h Line: 35)

Save!
 
(Filename: C:\buildslave\unity\build\Runtime/Export/Debug/Debug.bindings.h Line: 35)

Save!
 
(Filename: C:\buildslave\unity\build\Runtime/Export/Debug/Debug.bindings.h Line: 35)

Save!
 
(Filename: C:\buildslave\unity\build\Runtime/Export/Debug/Debug.bindings.h Line: 35)

Save!
 
(Filename: C:\buildslave\unity\build\Runtime/Export/Debug/Debug.bindings.h Line: 35)

Save!
 
(Filename: C:\buildslave\unity\build\Runtime/Export/Debug/Debug.bindings.h Line: 35)

Save!
 
(Filename: C:\buildslave\unity\build\Runtime/Export/Debug/Debug.bindings.h Line: 35)

Save!
 
(Filename: C:\buildslave\unity\build\Runtime/Export/Debug/Debug.bindings.h Line: 35)

Save!
 
(Filename: C:\buildslave\unity\build\Runtime/Export/Debug/Debug.bindings.h Line: 35)

Save!
 
(Filename: C:\buildslave\unity\build\Runtime/Export/Debug/Debug.bindings.h Line: 35)

Save!
 
(Filename: C:\buildslave\unity\build\Runtime/Export/Debug/Debug.bindings.h Line: 35)

Save!
 
(Filename: C:\buildslave\unity\build\Runtime/Export/Debug/Debug.bindings.h Line: 35)

Save!
 
(Filename: C:\buildslave\unity\build\Runtime/Export/Debug/Debug.bindings.h Line: 35)

Save!
 
(Filename: C:\buildslave\unity\build\Runtime/Export/Debug/Debug.bindings.h Line: 35)

Save!
 
(Filename: C:\buildslave\unity\build\Runtime/Export/Debug/Debug.bindings.h Line: 35)

Save!
 
(Filename: C:\buildslave\unity\build\Runtime/Export/Debug/Debug.bindings.h Line: 35)

Save!
 
(Filename: C:\buildslave\unity\build\Runtime/Export/Debug/Debug.bindings.h Line: 35)

Save!
 
(Filename: C:\buildslave\unity\build\Runtime/Export/Debug/Debug.bindings.h Line: 35)

Save!
 
(Filename: C:\buildslave\unity\build\Runtime/Export/Debug/Debug.bindings.h Line: 35)

Save!
 
(Filename: C:\buildslave\unity\build\Runtime/Export/Debug/Debug.bindings.h Line: 35)

Save!
 
(Filename: C:\buildslave\unity\build\Runtime/Export/Debug/Debug.bindings.h Line: 35)

Save!
 
(Filename: C:\buildslave\unity\build\Runtime/Export/Debug/Debug.bindings.h Line: 35)

Save!
 
(Filename: C:\buildslave\unity\build\Runtime/Export/Debug/Debug.bindings.h Line: 35)

Save!
 
(Filename: C:\buildslave\unity\build\Runtime/Export/Debug/Debug.bindings.h Line: 35)

Save!
 
(Filename: C:\buildslave\unity\build\Runtime/Export/Debug/Debug.bindings.h Line: 35)

Save!
 
(Filename: C:\buildslave\unity\build\Runtime/Export/Debug/Debug.bindings.h Line: 35)

Save!
 
(Filename: C:\buildslave\unity\build\Runtime/Export/Debug/Debug.bindings.h Line: 35)

Save!
 
(Filename: C:\buildslave\unity\build\Runtime/Export/Debug/Debug.bindings.h Line: 35)

Save!
 
(Filename: C:\buildslave\unity\build\Runtime/Export/Debug/Debug.bindings.h Line: 35)

Save!
 
(Filename: C:\buildslave\unity\build\Runtime/Export/Debug/Debug.bindings.h Line: 35)

Save!
 
(Filename: C:\buildslave\unity\build\Runtime/Export/Debug/Debug.bindings.h Line: 35)

Save!
 
(Filename: C:\buildslave\unity\build\Runtime/Export/Debug/Debug.bindings.h Line: 35)

Save!
 
(Filename: C:\buildslave\unity\build\Runtime/Export/Debug/Debug.bindings.h Line: 35)

Save!
 
(Filename: C:\buildslave\unity\build\Runtime/Export/Debug/Debug.bindings.h Line: 35)

Save!
 
(Filename: C:\buildslave\unity\build\Runtime/Export/Debug/Debug.bindings.h Line: 35)

Save!
 
(Filename: C:\buildslave\unity\build\Runtime/Export/Debug/Debug.bindings.h Line: 35)

Unloading 4 Unused Serialized files (Serialized files now loaded: 0)
UnloadTime: 23.660500 ms

Unloading 1548 unused Assets to reduce memory usage. Loaded Objects now: 1040.
Total: 11.422600 ms (FindLiveObjects: 0.305900 ms CreateObjectMapping: 0.171800 ms MarkObjects: 0.393200 ms  DeleteObjects: 10.551400 ms)

The referenced script on this Behaviour (Game Object 'Scene') is missing!
 
(Filename: C:\buildslave\unity\build\Runtime/Mono/ManagedMonoBehaviourRef.cpp Line: 334)

The referenced script on this Behaviour (Game Object 'ToMenuButton') is missing!
 
(Filename: C:\buildslave\unity\build\Runtime/Mono/ManagedMonoBehaviourRef.cpp Line: 334)

Unloading 6 Unused Serialized files (Serialized files now loaded: 0)
WARNING: Shader Unsupported: 'Hidden/Nature/Terrain/Utilities' - All passes removed
WARNING: Shader Did you use #pragma only_renderers and omit this platform?
ERROR: Shader Shader is not supported on this GPU (none of subshaders/fallbacks are suitable)WARNING: Shader Unsupported: 'Hidden/Nature/Terrain/Utilities' - Setting to default shader.
UnloadTime: 0.621000 ms

Unloading 39 unused Assets to reduce memory usage. Loaded Objects now: 7499.
Total: 3.217300 ms (FindLiveObjects: 0.546400 ms CreateObjectMapping: 0.098100 ms MarkObjects: 2.293700 ms  DeleteObjects: 0.278800 ms)

Save!
 
(Filename: C:\buildslave\unity\build\Runtime/Export/Debug/Debug.bindings.h Line: 35)

Save!
 
(Filename: C:\buildslave\unity\build\Runtime/Export/Debug/Debug.bindings.h Line: 35)

Save!
 
(Filename: C:\buildslave\unity\build\Runtime/Export/Debug/Debug.bindings.h Line: 35)

Save!
 
(Filename: C:\buildslave\unity\build\Runtime/Export/Debug/Debug.bindings.h Line: 35)

Save!
 
(Filename: C:\buildslave\unity\build\Runtime/Export/Debug/Debug.bindings.h Line: 35)

Unloading 5 Unused Serialized files (Serialized files now loaded: 0)
UnloadTime: 4.545300 ms

Unloading 521 unused Assets to reduce memory usage. Loaded Objects now: 1521.
Total: 5.733900 ms (FindLiveObjects: 0.286600 ms CreateObjectMapping: 0.077500 ms MarkObjects: 2.317700 ms  DeleteObjects: 3.051700 ms)

Unloading 6 Unused Serialized files (Serialized files now loaded: 0)
UnloadTime: 1.082700 ms

Unloading 24 unused Assets to reduce memory usage. Loaded Objects now: 47904.
Total: 8.385100 ms (FindLiveObjects: 2.074100 ms CreateObjectMapping: 0.270100 ms MarkObjects: 5.855700 ms  DeleteObjects: 0.184800 ms)

Save!
 
(Filename: C:\buildslave\unity\build\Runtime/Export/Debug/Debug.bindings.h Line: 35)

Save!
 
(Filename: C:\buildslave\unity\build\Runtime/Export/Debug/Debug.bindings.h Line: 35)

Save!
 
(Filename: C:\buildslave\unity\build\Runtime/Export/Debug/Debug.bindings.h Line: 35)

Save!
 
(Filename: C:\buildslave\unity\build\Runtime/Export/Debug/Debug.bindings.h Line: 35)

Save!
 
(Filename: C:\buildslave\unity\build\Runtime/Export/Debug/Debug.bindings.h Line: 35)

Save!
 
(Filename: C:\buildslave\unity\build\Runtime/Export/Debug/Debug.bindings.h Line: 35)

Save!
 
(Filename: C:\buildslave\unity\build\Runtime/Export/Debug/Debug.bindings.h Line: 35)

Save!
 
(Filename: C:\buildslave\unity\build\Runtime/Export/Debug/Debug.bindings.h Line: 35)

Save!
 
(Filename: C:\buildslave\unity\build\Runtime/Export/Debug/Debug.bindings.h Line: 35)

Save!
 
(Filename: C:\buildslave\unity\build\Runtime/Export/Debug/Debug.bindings.h Line: 35)

Save!
 
(Filename: C:\buildslave\unity\build\Runtime/Export/Debug/Debug.bindings.h Line: 35)

Save!
 
(Filename: C:\buildslave\unity\build\Runtime/Export/Debug/Debug.bindings.h Line: 35)

Save!
 
(Filename: C:\buildslave\unity\build\Runtime/Export/Debug/Debug.bindings.h Line: 35)

Save!
 
(Filename: C:\buildslave\unity\build\Runtime/Export/Debug/Debug.bindings.h Line: 35)

Save!
 
(Filename: C:\buildslave\unity\build\Runtime/Export/Debug/Debug.bindings.h Line: 35)

Save!
 
(Filename: C:\buildslave\unity\build\Runtime/Export/Debug/Debug.bindings.h Line: 35)

Save!
 
(Filename: C:\buildslave\unity\build\Runtime/Export/Debug/Debug.bindings.h Line: 35)

Save!
 
(Filename: C:\buildslave\unity\build\Runtime/Export/Debug/Debug.bindings.h Line: 35)

Save!
 
(Filename: C:\buildslave\unity\build\Runtime/Export/Debug/Debug.bindings.h Line: 35)

Save!
 
(Filename: C:\buildslave\unity\build\Runtime/Export/Debug/Debug.bindings.h Line: 35)

Save!
 
(Filename: C:\buildslave\unity\build\Runtime/Export/Debug/Debug.bindings.h Line: 35)

Save!
 
(Filename: C:\buildslave\unity\build\Runtime/Export/Debug/Debug.bindings.h Line: 35)

Save!
 
(Filename: C:\buildslave\unity\build\Runtime/Export/Debug/Debug.bindings.h Line: 35)

Save!
 
(Filename: C:\buildslave\unity\build\Runtime/Export/Debug/Debug.bindings.h Line: 35)

Save!
 
(Filename: C:\buildslave\unity\build\Runtime/Export/Debug/Debug.bindings.h Line: 35)

Save!
 
(Filename: C:\buildslave\unity\build\Runtime/Export/Debug/Debug.bindings.h Line: 35)

Save!
 
(Filename: C:\buildslave\unity\build\Runtime/Export/Debug/Debug.bindings.h Line: 35)

Save!
 
(Filename: C:\buildslave\unity\build\Runtime/Export/Debug/Debug.bindings.h Line: 35)

Save!
 
(Filename: C:\buildslave\unity\build\Runtime/Export/Debug/Debug.bindings.h Line: 35)

Save!
 
(Filename: C:\buildslave\unity\build\Runtime/Export/Debug/Debug.bindings.h Line: 35)

Save!
 
(Filename: C:\buildslave\unity\build\Runtime/Export/Debug/Debug.bindings.h Line: 35)

Save!
 
(Filename: C:\buildslave\unity\build\Runtime/Export/Debug/Debug.bindings.h Line: 35)

Save!
 
(Filename: C:\buildslave\unity\build\Runtime/Export/Debug/Debug.bindings.h Line: 35)

Save!
 
(Filename: C:\buildslave\unity\build\Runtime/Export/Debug/Debug.bindings.h Line: 35)

Save!
 
(Filename: C:\buildslave\unity\build\Runtime/Export/Debug/Debug.bindings.h Line: 35)

Save!
 
(Filename: C:\buildslave\unity\build\Runtime/Export/Debug/Debug.bindings.h Line: 35)

Save!
 
(Filename: C:\buildslave\unity\build\Runtime/Export/Debug/Debug.bindings.h Line: 35)

Save!
 
(Filename: C:\buildslave\unity\build\Runtime/Export/Debug/Debug.bindings.h Line: 35)

Save!
 
(Filename: C:\buildslave\unity\build\Runtime/Export/Debug/Debug.bindings.h Line: 35)

Save!
 
(Filename: C:\buildslave\unity\build\Runtime/Export/Debug/Debug.bindings.h Line: 35)

Save!
 
(Filename: C:\buildslave\unity\build\Runtime/Export/Debug/Debug.bindings.h Line: 35)

Save!
 
(Filename: C:\buildslave\unity\build\Runtime/Export/Debug/Debug.bindings.h Line: 35)

Save!
 
(Filename: C:\buildslave\unity\build\Runtime/Export/Debug/Debug.bindings.h Line: 35)

Save!
 
(Filename: C:\buildslave\unity\build\Runtime/Export/Debug/Debug.bindings.h Line: 35)

Save!
 
(Filename: C:\buildslave\unity\build\Runtime/Export/Debug/Debug.bindings.h Line: 35)

Save!
 
(Filename: C:\buildslave\unity\build\Runtime/Export/Debug/Debug.bindings.h Line: 35)

Save!
 
(Filename: C:\buildslave\unity\build\Runtime/Export/Debug/Debug.bindings.h Line: 35)

Save!
 
(Filename: C:\buildslave\unity\build\Runtime/Export/Debug/Debug.bindings.h Line: 35)

Save!
 
(Filename: C:\buildslave\unity\build\Runtime/Export/Debug/Debug.bindings.h Line: 35)

Save!
 
(Filename: C:\buildslave\unity\build\Runtime/Export/Debug/Debug.bindings.h Line: 35)

Save!
 
(Filename: C:\buildslave\unity\build\Runtime/Export/Debug/Debug.bindings.h Line: 35)

Save!
 
(Filename: C:\buildslave\unity\build\Runtime/Export/Debug/Debug.bindings.h Line: 35)

Save!
 
(Filename: C:\buildslave\unity\build\Runtime/Export/Debug/Debug.bindings.h Line: 35)

Save!
 
(Filename: C:\buildslave\unity\build\Runtime/Export/Debug/Debug.bindings.h Line: 35)

Save!
 
(Filename: C:\buildslave\unity\build\Runtime/Export/Debug/Debug.bindings.h Line: 35)

Save!
 
(Filename: C:\buildslave\unity\build\Runtime/Export/Debug/Debug.bindings.h Line: 35)

Save!
 
(Filename: C:\buildslave\unity\build\Runtime/Export/Debug/Debug.bindings.h Line: 35)

Save!
 
(Filename: C:\buildslave\unity\build\Runtime/Export/Debug/Debug.bindings.h Line: 35)

Save!
 
(Filename: C:\buildslave\unity\build\Runtime/Export/Debug/Debug.bindings.h Line: 35)

Save!
 
(Filename: C:\buildslave\unity\build\Runtime/Export/Debug/Debug.bindings.h Line: 35)

Save!
 
(Filename: C:\buildslave\unity\build\Runtime/Export/Debug/Debug.bindings.h Line: 35)

Save!
 
(Filename: C:\buildslave\unity\build\Runtime/Export/Debug/Debug.bindings.h Line: 35)

Save!
 
(Filename: C:\buildslave\unity\build\Runtime/Export/Debug/Debug.bindings.h Line: 35)

Save!
 
(Filename: C:\buildslave\unity\build\Runtime/Export/Debug/Debug.bindings.h Line: 35)

Save!
 
(Filename: C:\buildslave\unity\build\Runtime/Export/Debug/Debug.bindings.h Line: 35)

Save!
 
(Filename: C:\buildslave\unity\build\Runtime/Export/Debug/Debug.bindings.h Line: 35)

Save!
 
(Filename: C:\buildslave\unity\build\Runtime/Export/Debug/Debug.bindings.h Line: 35)

Save!
 
(Filename: C:\buildslave\unity\build\Runtime/Export/Debug/Debug.bindings.h Line: 35)

Save!
 
(Filename: C:\buildslave\unity\build\Runtime/Export/Debug/Debug.bindings.h Line: 35)

Save!
 
(Filename: C:\buildslave\unity\build\Runtime/Export/Debug/Debug.bindings.h Line: 35)

Save!
 
(Filename: C:\buildslave\unity\build\Runtime/Export/Debug/Debug.bindings.h Line: 35)

Save!
 
(Filename: C:\buildslave\unity\build\Runtime/Export/Debug/Debug.bindings.h Line: 35)

Save!
 
(Filename: C:\buildslave\unity\build\Runtime/Export/Debug/Debug.bindings.h Line: 35)

Save!
 
(Filename: C:\buildslave\unity\build\Runtime/Export/Debug/Debug.bindings.h Line: 35)

Save!
 
(Filename: C:\buildslave\unity\build\Runtime/Export/Debug/Debug.bindings.h Line: 35)

Save!
 
(Filename: C:\buildslave\unity\build\Runtime/Export/Debug/Debug.bindings.h Line: 35)

Save!
 
(Filename: C:\buildslave\unity\build\Runtime/Export/Debug/Debug.bindings.h Line: 35)

Save!
 
(Filename: C:\buildslave\unity\build\Runtime/Export/Debug/Debug.bindings.h Line: 35)

Save!
 
(Filename: C:\buildslave\unity\build\Runtime/Export/Debug/Debug.bindings.h Line: 35)

Save!
 
(Filename: C:\buildslave\unity\build\Runtime/Export/Debug/Debug.bindings.h Line: 35)

Save!
 
(Filename: C:\buildslave\unity\build\Runtime/Export/Debug/Debug.bindings.h Line: 35)

Save!
 
(Filename: C:\buildslave\unity\build\Runtime/Export/Debug/Debug.bindings.h Line: 35)

Save!
 
(Filename: C:\buildslave\unity\build\Runtime/Export/Debug/Debug.bindings.h Line: 35)

Save!
 
(Filename: C:\buildslave\unity\build\Runtime/Export/Debug/Debug.bindings.h Line: 35)

Save!
 
(Filename: C:\buildslave\unity\build\Runtime/Export/Debug/Debug.bindings.h Line: 35)

Save!
 
(Filename: C:\buildslave\unity\build\Runtime/Export/Debug/Debug.bindings.h Line: 35)

Save!
 
(Filename: C:\buildslave\unity\build\Runtime/Export/Debug/Debug.bindings.h Line: 35)

Save!
 
(Filename: C:\buildslave\unity\build\Runtime/Export/Debug/Debug.bindings.h Line: 35)

Save!
 
(Filename: C:\buildslave\unity\build\Runtime/Export/Debug/Debug.bindings.h Line: 35)

Save!
 
(Filename: C:\buildslave\unity\build\Runtime/Export/Debug/Debug.bindings.h Line: 35)

Save!
 
(Filename: C:\buildslave\unity\build\Runtime/Export/Debug/Debug.bindings.h Line: 35)

Save!
 
(Filename: C:\buildslave\unity\build\Runtime/Export/Debug/Debug.bindings.h Line: 35)

Save!
 
(Filename: C:\buildslave\unity\build\Runtime/Export/Debug/Debug.bindings.h Line: 35)

Save!
 
(Filename: C:\buildslave\unity\build\Runtime/Export/Debug/Debug.bindings.h Line: 35)

Save!
 
(Filename: C:\buildslave\unity\build\Runtime/Export/Debug/Debug.bindings.h Line: 35)

Save!
 
(Filename: C:\buildslave\unity\build\Runtime/Export/Debug/Debug.bindings.h Line: 35)

Save!
 
(Filename: C:\buildslave\unity\build\Runtime/Export/Debug/Debug.bindings.h Line: 35)

Save!
 
(Filename: C:\buildslave\unity\build\Runtime/Export/Debug/Debug.bindings.h Line: 35)

Save!
 
(Filename: C:\buildslave\unity\build\Runtime/Export/Debug/Debug.bindings.h Line: 35)

Save!
 
(Filename: C:\buildslave\unity\build\Runtime/Export/Debug/Debug.bindings.h Line: 35)

Save!
 
(Filename: C:\buildslave\unity\build\Runtime/Export/Debug/Debug.bindings.h Line: 35)

Save!
 
(Filename: C:\buildslave\unity\build\Runtime/Export/Debug/Debug.bindings.h Line: 35)

Save!
 
(Filename: C:\buildslave\unity\build\Runtime/Export/Debug/Debug.bindings.h Line: 35)

Save!
 
(Filename: C:\buildslave\unity\build\Runtime/Export/Debug/Debug.bindings.h Line: 35)

Save!
 
(Filename: C:\buildslave\unity\build\Runtime/Export/Debug/Debug.bindings.h Line: 35)

Save!
 
(Filename: C:\buildslave\unity\build\Runtime/Export/Debug/Debug.bindings.h Line: 35)

Save!
 
(Filename: C:\buildslave\unity\build\Runtime/Export/Debug/Debug.bindings.h Line: 35)

Save!
 
(Filename: C:\buildslave\unity\build\Runtime/Export/Debug/Debug.bindings.h Line: 35)

Save!
 
(Filename: C:\buildslave\unity\build\Runtime/Export/Debug/Debug.bindings.h Line: 35)

Save!
 
(Filename: C:\buildslave\unity\build\Runtime/Export/Debug/Debug.bindings.h Line: 35)

Save!
 
(Filename: C:\buildslave\unity\build\Runtime/Export/Debug/Debug.bindings.h Line: 35)

Save!
 
(Filename: C:\buildslave\unity\build\Runtime/Export/Debug/Debug.bindings.h Line: 35)

Save!
 
(Filename: C:\buildslave\unity\build\Runtime/Export/Debug/Debug.bindings.h Line: 35)

Save!
 
(Filename: C:\buildslave\unity\build\Runtime/Export/Debug/Debug.bindings.h Line: 35)

Save!
 
(Filename: C:\buildslave\unity\build\Runtime/Export/Debug/Debug.bindings.h Line: 35)

Save!
 
(Filename: C:\buildslave\unity\build\Runtime/Export/Debug/Debug.bindings.h Line: 35)

Save!
 
(Filename: C:\buildslave\unity\build\Runtime/Export/Debug/Debug.bindings.h Line: 35)

Save!
 
(Filename: C:\buildslave\unity\build\Runtime/Export/Debug/Debug.bindings.h Line: 35)

Save!
 
(Filename: C:\buildslave\unity\build\Runtime/Export/Debug/Debug.bindings.h Line: 35)

Save!
 
(Filename: C:\buildslave\unity\build\Runtime/Export/Debug/Debug.bindings.h Line: 35)

Save!
 
(Filename: C:\buildslave\unity\build\Runtime/Export/Debug/Debug.bindings.h Line: 35)

Save!
 
(Filename: C:\buildslave\unity\build\Runtime/Export/Debug/Debug.bindings.h Line: 35)

Save!
 
(Filename: C:\buildslave\unity\build\Runtime/Export/Debug/Debug.bindings.h Line: 35)

Save!
 
(Filename: C:\buildslave\unity\build\Runtime/Export/Debug/Debug.bindings.h Line: 35)

Save!
 
(Filename: C:\buildslave\unity\build\Runtime/Export/Debug/Debug.bindings.h Line: 35)

Save!
 
(Filename: C:\buildslave\unity\build\Runtime/Export/Debug/Debug.bindings.h Line: 35)

Save!
 
(Filename: C:\buildslave\unity\build\Runtime/Export/Debug/Debug.bindings.h Line: 35)

Save!
 
(Filename: C:\buildslave\unity\build\Runtime/Export/Debug/Debug.bindings.h Line: 35)

Save!
 
(Filename: C:\buildslave\unity\build\Runtime/Export/Debug/Debug.bindings.h Line: 35)

Save!
 
(Filename: C:\buildslave\unity\build\Runtime/Export/Debug/Debug.bindings.h Line: 35)

Save!
 
(Filename: C:\buildslave\unity\build\Runtime/Export/Debug/Debug.bindings.h Line: 35)

Save!
 
(Filename: C:\buildslave\unity\build\Runtime/Export/Debug/Debug.bindings.h Line: 35)

Save!
 
(Filename: C:\buildslave\unity\build\Runtime/Export/Debug/Debug.bindings.h Line: 35)

Save!
 
(Filename: C:\buildslave\unity\build\Runtime/Export/Debug/Debug.bindings.h Line: 35)

Save!
 
(Filename: C:\buildslave\unity\build\Runtime/Export/Debug/Debug.bindings.h Line: 35)

Save!
 
(Filename: C:\buildslave\unity\build\Runtime/Export/Debug/Debug.bindings.h Line: 35)

Save!
 
(Filename: C:\buildslave\unity\build\Runtime/Export/Debug/Debug.bindings.h Line: 35)

Save!
 
(Filename: C:\buildslave\unity\build\Runtime/Export/Debug/Debug.bindings.h Line: 35)

Save!
 
(Filename: C:\buildslave\unity\build\Runtime/Export/Debug/Debug.bindings.h Line: 35)

Save!
 
(Filename: C:\buildslave\unity\build\Runtime/Export/Debug/Debug.bindings.h Line: 35)

Save!
 
(Filename: C:\buildslave\unity\build\Runtime/Export/Debug/Debug.bindings.h Line: 35)

Save!
 
(Filename: C:\buildslave\unity\build\Runtime/Export/Debug/Debug.bindings.h Line: 35)

Save!
 
(Filename: C:\buildslave\unity\build\Runtime/Export/Debug/Debug.bindings.h Line: 35)

Save!
 
(Filename: C:\buildslave\unity\build\Runtime/Export/Debug/Debug.bindings.h Line: 35)

Save!
 
(Filename: C:\buildslave\unity\build\Runtime/Export/Debug/Debug.bindings.h Line: 35)

Save!
 
(Filename: C:\buildslave\unity\build\Runtime/Export/Debug/Debug.bindings.h Line: 35)

Save!
 
(Filename: C:\buildslave\unity\build\Runtime/Export/Debug/Debug.bindings.h Line: 35)

Save!
 
(Filename: C:\buildslave\unity\build\Runtime/Export/Debug/Debug.bindings.h Line: 35)

Save!
 
(Filename: C:\buildslave\unity\build\Runtime/Export/Debug/Debug.bindings.h Line: 35)

Save!
 
(Filename: C:\buildslave\unity\build\Runtime/Export/Debug/Debug.bindings.h Line: 35)

Save!
 
(Filename: C:\buildslave\unity\build\Runtime/Export/Debug/Debug.bindings.h Line: 35)

Save!
 
(Filename: C:\buildslave\unity\build\Runtime/Export/Debug/Debug.bindings.h Line: 35)

Save!
 
(Filename: C:\buildslave\unity\build\Runtime/Export/Debug/Debug.bindings.h Line: 35)

Save!
 
(Filename: C:\buildslave\unity\build\Runtime/Export/Debug/Debug.bindings.h Line: 35)

Save!
 
(Filename: C:\buildslave\unity\build\Runtime/Export/Debug/Debug.bindings.h Line: 35)

Save!
 
(Filename: C:\buildslave\unity\build\Runtime/Export/Debug/Debug.bindings.h Line: 35)

Save!
 
(Filename: C:\buildslave\unity\build\Runtime/Export/Debug/Debug.bindings.h Line: 35)

Save!
 
(Filename: C:\buildslave\unity\build\Runtime/Export/Debug/Debug.bindings.h Line: 35)

Save!
 
(Filename: C:\buildslave\unity\build\Runtime/Export/Debug/Debug.bindings.h Line: 35)

Save!
 
(Filename: C:\buildslave\unity\build\Runtime/Export/Debug/Debug.bindings.h Line: 35)

Save!
 
(Filename: C:\buildslave\unity\build\Runtime/Export/Debug/Debug.bindings.h Line: 35)

Save!
 
(Filename: C:\buildslave\unity\build\Runtime/Export/Debug/Debug.bindings.h Line: 35)

Save!
 
(Filename: C:\buildslave\unity\build\Runtime/Export/Debug/Debug.bindings.h Line: 35)

Save!
 
(Filename: C:\buildslave\unity\build\Runtime/Export/Debug/Debug.bindings.h Line: 35)

Save!
 
(Filename: C:\buildslave\unity\build\Runtime/Export/Debug/Debug.bindings.h Line: 35)

Save!
 
(Filename: C:\buildslave\unity\build\Runtime/Export/Debug/Debug.bindings.h Line: 35)

Save!
 
(Filename: C:\buildslave\unity\build\Runtime/Export/Debug/Debug.bindings.h Line: 35)

Save!
 
(Filename: C:\buildslave\unity\build\Runtime/Export/Debug/Debug.bindings.h Line: 35)

Save!
 
(Filename: C:\buildslave\unity\build\Runtime/Export/Debug/Debug.bindings.h Line: 35)

Save!
 
(Filename: C:\buildslave\unity\build\Runtime/Export/Debug/Debug.bindings.h Line: 35)

Save!
 
(Filename: C:\buildslave\unity\build\Runtime/Export/Debug/Debug.bindings.h Line: 35)

Save!
 
(Filename: C:\buildslave\unity\build\Runtime/Export/Debug/Debug.bindings.h Line: 35)

Save!
 
(Filename: C:\buildslave\unity\build\Runtime/Export/Debug/Debug.bindings.h Line: 35)

Save!
 
(Filename: C:\buildslave\unity\build\Runtime/Export/Debug/Debug.bindings.h Line: 35)

Save!
 
(Filename: C:\buildslave\unity\build\Runtime/Export/Debug/Debug.bindings.h Line: 35)

Save!
 
(Filename: C:\buildslave\unity\build\Runtime/Export/Debug/Debug.bindings.h Line: 35)

Save!
 
(Filename: C:\buildslave\unity\build\Runtime/Export/Debug/Debug.bindings.h Line: 35)

Save!
 
(Filename: C:\buildslave\unity\build\Runtime/Export/Debug/Debug.bindings.h Line: 35)

Save!
 
(Filename: C:\buildslave\unity\build\Runtime/Export/Debug/Debug.bindings.h Line: 35)

Save!
 
(Filename: C:\buildslave\unity\build\Runtime/Export/Debug/Debug.bindings.h Line: 35)

Save!
 
(Filename: C:\buildslave\unity\build\Runtime/Export/Debug/Debug.bindings.h Line: 35)

Save!
 
(Filename: C:\buildslave\unity\build\Runtime/Export/Debug/Debug.bindings.h Line: 35)

Save!
 
(Filename: C:\buildslave\unity\build\Runtime/Export/Debug/Debug.bindings.h Line: 35)

Save!
 
(Filename: C:\buildslave\unity\build\Runtime/Export/Debug/Debug.bindings.h Line: 35)

Unloading 4 Unused Serialized files (Serialized files now loaded: 0)
UnloadTime: 24.528400 ms

Unloading 1545 unused Assets to reduce memory usage. Loaded Objects now: 1521.
Total: 12.583100 ms (FindLiveObjects: 0.329200 ms CreateObjectMapping: 0.118300 ms MarkObjects: 2.201000 ms  DeleteObjects: 9.934000 ms)

WARNING: Shader Unsupported: 'Hidden/Nature/Terrain/Utilities' - All passes removed
WARNING: Shader Did you use #pragma only_renderers and omit this platform?
ERROR: Shader Shader is not supported on this GPU (none of subshaders/fallbacks are suitable)WARNING: Shader Unsupported: 'Hidden/Nature/Terrain/Utilities' - Setting to default shader.
Unloading 7 Unused Serialized files (Serialized files now loaded: 0)
UnloadTime: 0.632000 ms

Unloading 28 unused Assets to reduce memory usage. Loaded Objects now: 24017.
Total: 5.378700 ms (FindLiveObjects: 1.199900 ms CreateObjectMapping: 0.172700 ms MarkObjects: 3.857400 ms  DeleteObjects: 0.148200 ms)

Save!
 
(Filename: C:\buildslave\unity\build\Runtime/Export/Debug/Debug.bindings.h Line: 35)

NullReferenceException: Object reference not set to an instance of an object
  at HowMuchSoldierIncomeCount.OnTriggerEnter (UnityEngine.Collider other) [0x00040] in <97997090921d42439f66a332d7f908e1>:0 
 
(Filename: <97997090921d42439f66a332d7f908e1> Line: 0)

NullReferenceException: Object reference not set to an instance of an object
  at HowMuchSoldierIncomeCount.OnTriggerEnter (UnityEngine.Collider other) [0x00040] in <97997090921d42439f66a332d7f908e1>:0 
 
(Filename: <97997090921d42439f66a332d7f908e1> Line: 0)

NullReferenceException: Object reference not set to an instance of an object
  at HowMuchSoldierIncomeCount.OnTriggerEnter (UnityEngine.Collider other) [0x00040] in <97997090921d42439f66a332d7f908e1>:0 
 
(Filename: <97997090921d42439f66a332d7f908e1> Line: 0)

NullReferenceException: Object reference not set to an instance of an object
  at HowMuchSoldierIncomeCount.OnTriggerEnter (UnityEngine.Collider other) [0x00040] in <97997090921d42439f66a332d7f908e1>:0 
 
(Filename: <97997090921d42439f66a332d7f908e1> Line: 0)

Save!
 
(Filename: C:\buildslave\unity\build\Runtime/Export/Debug/Debug.bindings.h Line: 35)

NullReferenceException: Object reference not set to an instance of an object
  at HowMuchSoldierIncomeCount.OnTriggerEnter (UnityEngine.Collider other) [0x00040] in <97997090921d42439f66a332d7f908e1>:0 
 
(Filename: <97997090921d42439f66a332d7f908e1> Line: 0)

NullReferenceException: Object reference not set to an instance of an object
  at HowMuchSoldierIncomeCount.OnTriggerEnter (UnityEngine.Collider other) [0x00040] in <97997090921d42439f66a332d7f908e1>:0 
 
(Filename: <97997090921d42439f66a332d7f908e1> Line: 0)

NullReferenceException: Object reference not set to an instance of an object
  at HowMuchSoldierIncomeCount.OnTriggerEnter (UnityEngine.Collider other) [0x00040] in <97997090921d42439f66a332d7f908e1>:0 
 
(Filename: <97997090921d42439f66a332d7f908e1> Line: 0)

NullReferenceException: Object reference not set to an instance of an object
  at HowMuchSoldierIncomeCount.OnTriggerEnter (UnityEngine.Collider other) [0x00040] in <97997090921d42439f66a332d7f908e1>:0 
 
(Filename: <97997090921d42439f66a332d7f908e1> Line: 0)

NullReferenceException: Object reference not set to an instance of an object
  at HowMuchSoldierIncomeCount.OnTriggerEnter (UnityEngine.Collider other) [0x00040] in <97997090921d42439f66a332d7f908e1>:0 
 
(Filename: <97997090921d42439f66a332d7f908e1> Line: 0)

NullReferenceException: Object reference not set to an instance of an object
  at HowMuchSoldierIncomeCount.OnTriggerEnter (UnityEngine.Collider other) [0x00040] in <97997090921d42439f66a332d7f908e1>:0 
 
(Filename: <97997090921d42439f66a332d7f908e1> Line: 0)

Unloading 4 Unused Serialized files (Serialized files now loaded: 0)
UnloadTime: 12.794100 ms

Unloading 621 unused Assets to reduce memory usage. Loaded Objects now: 1861.
Total: 7.631800 ms (FindLiveObjects: 0.329700 ms CreateObjectMapping: 0.089700 ms MarkObjects: 2.480300 ms  DeleteObjects: 4.731700 ms)

The referenced script on this Behaviour (Game Object 'Scene') is missing!
 
(Filename: C:\buildslave\unity\build\Runtime/Mono/ManagedMonoBehaviourRef.cpp Line: 334)

The referenced script on this Behaviour (Game Object 'ToMenuButton') is missing!
 
(Filename: C:\buildslave\unity\build\Runtime/Mono/ManagedMonoBehaviourRef.cpp Line: 334)

Unloading 6 Unused Serialized files (Serialized files now loaded: 0)
WARNING: Shader Unsupported: 'Hidden/Nature/Terrain/Utilities' - All passes removed
WARNING: Shader Did you use #pragma only_renderers and omit this platform?
ERROR: Shader Shader is not supported on this GPU (none of subshaders/fallbacks are suitable)WARNING: Shader Unsupported: 'Hidden/Nature/Terrain/Utilities' - Setting to default shader.
UnloadTime: 0.647200 ms

Unloading 27 unused Assets to reduce memory usage. Loaded Objects now: 7864.
Total: 4.398600 ms (FindLiveObjects: 0.550900 ms CreateObjectMapping: 0.118200 ms MarkObjects: 3.602900 ms  DeleteObjects: 0.126300 ms)

Save!
 
(Filename: C:\buildslave\unity\build\Runtime/Export/Debug/Debug.bindings.h Line: 35)

Save!
 
(Filename: C:\buildslave\unity\build\Runtime/Export/Debug/Debug.bindings.h Line: 35)

Save!
 
(Filename: C:\buildslave\unity\build\Runtime/Export/Debug/Debug.bindings.h Line: 35)

Save!
 
(Filename: C:\buildslave\unity\build\Runtime/Export/Debug/Debug.bindings.h Line: 35)

Save!
 
(Filename: C:\buildslave\unity\build\Runtime/Export/Debug/Debug.bindings.h Line: 35)

Unloading 4 Unused Serialized files (Serialized files now loaded: 0)
UnloadTime: 3.360000 ms

Unloading 874 unused Assets to reduce memory usage. Loaded Objects now: 1509.
Total: 6.171100 ms (FindLiveObjects: 0.314600 ms CreateObjectMapping: 0.095400 ms MarkObjects: 2.185700 ms  DeleteObjects: 3.575000 ms)

Unloading 6 Unused Serialized files (Serialized files now loaded: 0)
UnloadTime: 1.133300 ms

Unloading 24 unused Assets to reduce memory usage. Loaded Objects now: 47892.
Total: 8.294800 ms (FindLiveObjects: 2.173900 ms CreateObjectMapping: 0.251400 ms MarkObjects: 5.630900 ms  DeleteObjects: 0.238100 ms)

Save!
 
(Filename: C:\buildslave\unity\build\Runtime/Export/Debug/Debug.bindings.h Line: 35)

Save!
 
(Filename: C:\buildslave\unity\build\Runtime/Export/Debug/Debug.bindings.h Line: 35)

Save!
 
(Filename: C:\buildslave\unity\build\Runtime/Export/Debug/Debug.bindings.h Line: 35)

Save!
 
(Filename: C:\buildslave\unity\build\Runtime/Export/Debug/Debug.bindings.h Line: 35)

Save!
 
(Filename: C:\buildslave\unity\build\Runtime/Export/Debug/Debug.bindings.h Line: 35)

Save!
 
(Filename: C:\buildslave\unity\build\Runtime/Export/Debug/Debug.bindings.h Line: 35)

Save!
 
(Filename: C:\buildslave\unity\build\Runtime/Export/Debug/Debug.bindings.h Line: 35)

Save!
 
(Filename: C:\buildslave\unity\build\Runtime/Export/Debug/Debug.bindings.h Line: 35)

Save!
 
(Filename: C:\buildslave\unity\build\Runtime/Export/Debug/Debug.bindings.h Line: 35)

Save!
 
(Filename: C:\buildslave\unity\build\Runtime/Export/Debug/Debug.bindings.h Line: 35)

Save!
 
(Filename: C:\buildslave\unity\build\Runtime/Export/Debug/Debug.bindings.h Line: 35)

Save!
 
(Filename: C:\buildslave\unity\build\Runtime/Export/Debug/Debug.bindings.h Line: 35)

Save!
 
(Filename: C:\buildslave\unity\build\Runtime/Export/Debug/Debug.bindings.h Line: 35)

Save!
 
(Filename: C:\buildslave\unity\build\Runtime/Export/Debug/Debug.bindings.h Line: 35)

Save!
 
(Filename: C:\buildslave\unity\build\Runtime/Export/Debug/Debug.bindings.h Line: 35)

Save!
 
(Filename: C:\buildslave\unity\build\Runtime/Export/Debug/Debug.bindings.h Line: 35)

Save!
 
(Filename: C:\buildslave\unity\build\Runtime/Export/Debug/Debug.bindings.h Line: 35)

Save!
 
(Filename: C:\buildslave\unity\build\Runtime/Export/Debug/Debug.bindings.h Line: 35)

Save!
 
(Filename: C:\buildslave\unity\build\Runtime/Export/Debug/Debug.bindings.h Line: 35)

Save!
 
(Filename: C:\buildslave\unity\build\Runtime/Export/Debug/Debug.bindings.h Line: 35)

Save!
 
(Filename: C:\buildslave\unity\build\Runtime/Export/Debug/Debug.bindings.h Line: 35)

Save!
 
(Filename: C:\buildslave\unity\build\Runtime/Export/Debug/Debug.bindings.h Line: 35)

Save!
 
(Filename: C:\buildslave\unity\build\Runtime/Export/Debug/Debug.bindings.h Line: 35)

